2019/11/16 14:55:50 Starting Up
2019/11/16 14:55:50 Using config file ./config.json
2019/11/16 14:55:50 Reading data file ./Matrix a.csv
2019/11/16 14:55:50 Finished loading all training data from memory.
2019/11/16 14:58:25 Starting Up
2019/11/16 14:58:25 Using config file ./config.json
2019/11/16 14:58:25 Reading data file ./Matrix a.csv
2019/11/16 14:58:25 Finished loading all training data from memory.
2019/11/16 14:58:58 Starting Up
2019/11/16 14:58:58 Using config file ./config.json
2019/11/16 14:58:58 Reading data file ./Matrix a.csv
2019/11/16 14:58:58 Finished loading all training data from memory.
2019/11/16 14:59:29 Starting Up
2019/11/16 14:59:29 Using config file ./config.json
2019/11/16 14:59:29 Reading data file ./Matrix a.csv
2019/11/16 14:59:29 Finished loading all training data from memory.
2019/11/16 15:02:32 Starting Up
2019/11/16 15:02:32 Using config file ./config.json
2019/11/16 15:02:32 Reading data file ./Matrix a.csv
2019/11/16 15:02:32 Finished loading all training data from memory.
2019/11/16 15:05:56 Starting Up
2019/11/16 15:05:56 Using config file ./config.json
2019/11/16 15:05:56 Reading data file ./Matrix a.csv
2019/11/16 15:05:56 Finished loading all training data from memory.
2019/11/16 15:07:32 Starting Up
2019/11/16 15:07:32 Using config file ./config.json
2019/11/16 15:07:32 Reading data file ./Matrix a.csv
2019/11/16 15:07:32 Finished loading all training data from memory.
2019/11/16 15:08:03 Starting Up
2019/11/16 15:08:03 Using config file ./config.json
2019/11/16 15:08:03 Reading data file ./Matrix a.csv
2019/11/16 15:08:03 Finished loading all training data from memory.
2019/11/16 15:12:11 Starting Up
2019/11/16 15:12:11 Using config file ./config.json
2019/11/16 15:12:11 Reading data file ./Matrix a.csv
2019/11/16 15:12:11 Finished loading all training data from memory.
2019/11/16 15:12:47 Starting Up
2019/11/16 15:12:47 Using config file ./config.json
2019/11/16 15:12:47 Reading data file ./Matrix a.csv
2019/11/16 15:12:47 Finished loading all training data from memory.
2019/11/16 15:16:27 Starting Up
2019/11/16 15:16:27 Using config file ./config.json
2019/11/16 15:16:27 Reading data file ./Matrix a.csv
2019/11/16 15:16:27 Finished loading all training data from memory.
2019/11/16 15:17:49 Starting Up
2019/11/16 15:17:49 Using config file ./config.json
2019/11/16 15:17:49 Reading data file ./Matrix a.csv
2019/11/16 15:17:49 Finished loading all training data from memory.
2019/11/16 17:16:52 Starting Up
2019/11/16 17:16:52 Using config file ./config.json
2019/11/16 17:16:52 Reading data file ./Matrix a.csv
2019/11/16 17:16:52 Finished loading all training data from memory.
2019/11/16 17:16:52 Reading data file ./Matrix b.csv
2019/11/16 17:16:52 Finished loading all training data from memory.
2019/11/16 17:18:10 Starting Up
2019/11/16 17:18:10 Using config file ./config.json
2019/11/16 17:18:10 Reading data file ./Matrix a.csv
2019/11/16 17:18:10 Finished loading all training data from memory.
2019/11/16 17:18:10 Reading data file ./Matrix b.csv
2019/11/16 17:18:10 Finished loading all training data from memory.
2019/11/16 17:19:43 Starting Up
2019/11/16 17:19:43 Using config file ./config.json
2019/11/16 17:19:43 Reading data file ./Matrix a.csv
2019/11/16 17:19:43 Finished loading all training data from memory.
2019/11/16 17:19:43 Reading data file ./Matrix b.csv
2019/11/16 17:19:43 Finished loading all training data from memory.
2019/11/16 17:19:50 Starting Up
2019/11/16 17:19:50 Using config file ./config.json
2019/11/16 17:19:50 Reading data file ./Matrix a.csv
2019/11/16 17:19:50 Finished loading all training data from memory.
2019/11/16 17:19:50 Reading data file ./Matrix b.csv
2019/11/16 17:19:50 Finished loading all training data from memory.
2019/11/16 17:20:34 Starting Up
2019/11/16 17:20:34 Using config file ./config.json
2019/11/16 17:20:34 Reading data file ./Matrix a.csv
2019/11/16 17:20:34 Finished loading all training data from memory.
2019/11/16 17:20:34 Reading data file ./Matrix b.csv
2019/11/16 17:20:34 Finished loading all training data from memory.
2019/11/16 17:34:55 Starting Up
2019/11/16 17:34:55 Using config file ./config.json
2019/11/16 17:34:55 Reading data file ./Matrix a.csv
2019/11/16 17:34:55 Finished loading all training data from memory.
2019/11/16 17:34:55 Reading data file ./Matrix b.csv
2019/11/16 17:34:55 Finished loading all training data from memory.
2019/11/16 17:35:59 Starting Up
2019/11/16 17:35:59 Using config file ./config.json
2019/11/16 17:35:59 Reading data file ./Matrix a.csv
2019/11/16 17:35:59 Finished loading all training data from memory.
2019/11/16 17:35:59 Reading data file ./Matrix b.csv
2019/11/16 17:35:59 Finished loading all training data from memory.
2019/11/16 17:37:15 Starting Up
2019/11/16 17:37:15 Using config file ./config.json
2019/11/16 17:37:15 Reading data file ./Matrix a.csv
2019/11/16 17:37:15 Finished loading all training data from memory.
2019/11/16 17:37:15 Reading data file ./Matrix b.csv
2019/11/16 17:37:15 Finished loading all training data from memory.
2019/11/16 17:39:12 Starting Up
2019/11/16 17:39:12 Using config file ./config.json
2019/11/16 17:39:12 Reading data file ./Matrix a.csv
2019/11/16 17:39:12 Finished loading all training data from memory.
2019/11/16 17:39:12 Reading data file ./Matrix b.csv
2019/11/16 17:39:12 Finished loading all training data from memory.
2019/11/16 17:40:09 Starting Up
2019/11/16 17:40:09 Using config file ./config.json
2019/11/16 17:40:09 Reading data file ./Matrix a.csv
2019/11/16 17:40:09 Finished loading all training data from memory.
2019/11/16 17:40:09 Reading data file ./Matrix b.csv
2019/11/16 17:40:09 Finished loading all training data from memory.
2019/11/16 17:40:56 Starting Up
2019/11/16 17:40:56 Using config file ./config.json
2019/11/16 17:40:56 Reading data file ./Matrix a.csv
2019/11/16 17:40:56 Finished loading all training data from memory.
2019/11/16 17:40:56 Reading data file ./Matrix b.csv
2019/11/16 17:40:56 Finished loading all training data from memory.
2019/11/16 17:41:50 Starting Up
2019/11/16 17:41:50 Using config file ./config.json
2019/11/16 17:41:50 Reading data file ./Matrix a.csv
2019/11/16 17:41:50 Finished loading all training data from memory.
2019/11/16 17:41:50 Reading data file ./Matrix b.csv
2019/11/16 17:41:50 Finished loading all training data from memory.
2019/11/16 17:44:42 Starting Up
2019/11/16 17:44:42 Using config file ./config.json
2019/11/16 17:44:42 Reading data file ./Matrix a.csv
2019/11/16 17:44:42 Finished loading all training data from memory.
2019/11/16 17:44:42 Reading data file ./Matrix b.csv
2019/11/16 17:44:42 Finished loading all training data from memory.
2019/11/16 17:48:19 Starting Up
2019/11/16 17:48:19 Using config file ./config.json
2019/11/16 17:48:19 Reading data file ./Matrix a.csv
2019/11/16 17:48:19 Finished loading all training data from memory.
2019/11/16 17:48:19 Reading data file ./Matrix b.csv
2019/11/16 17:48:19 Finished loading all training data from memory.
2019/11/16 17:50:02 Starting Up
2019/11/16 17:50:02 Using config file ./config.json
2019/11/16 17:50:02 Reading data file ./Matrix a.csv
2019/11/16 17:50:02 Finished loading all training data from memory.
2019/11/16 17:50:02 Reading data file ./Matrix b.csv
2019/11/16 17:50:02 Finished loading all training data from memory.
2019/11/16 18:02:16 Starting Up
2019/11/16 18:02:16 Using config file ./config.json
2019/11/16 18:02:16 Reading data file ./Matrix a.csv
2019/11/16 18:02:16 Finished loading all training data from memory.
2019/11/16 18:02:16 Reading data file ./Matrix b.csv
2019/11/16 18:02:16 Finished loading all training data from memory.
2019/11/16 18:07:12 Starting Up
2019/11/16 18:07:12 Using config file ./config.json
2019/11/16 18:07:12 Reading data file ./Matrix a.csv
2019/11/16 18:07:12 Finished loading all training data from memory.
2019/11/16 18:07:12 Reading data file ./Matrix b.csv
2019/11/16 18:07:12 Finished loading all training data from memory.
2019/11/16 18:07:31 Starting Up
2019/11/16 18:07:31 Using config file ./config.json
2019/11/16 18:07:31 Reading data file ./Matrix a.csv
2019/11/16 18:07:31 Finished loading all training data from memory.
2019/11/16 18:07:31 Reading data file ./Matrix b.csv
2019/11/16 18:07:31 Finished loading all training data from memory.
2019/11/16 18:09:01 Starting Up
2019/11/16 18:09:01 Using config file ./config.json
2019/11/16 18:09:01 Reading data file ./Matrix a.csv
2019/11/16 18:09:01 Finished loading all training data from memory.
2019/11/16 18:09:01 Reading data file ./Matrix b.csv
2019/11/16 18:09:01 Finished loading all training data from memory.
2019/11/16 18:16:44 Starting Up
2019/11/16 18:16:44 Using config file ./config.json
2019/11/16 18:16:44 Reading data file ./Matrix a.csv
2019/11/16 18:16:44 Finished loading all training data from memory.
2019/11/16 18:16:44 Reading data file ./Matrix b.csv
2019/11/16 18:16:44 Finished loading all training data from memory.
2019/11/16 18:17:10 Starting Up
2019/11/16 18:17:10 Using config file ./config.json
2019/11/16 18:17:10 Reading data file ./Matrix a.csv
2019/11/16 18:17:10 Finished loading all training data from memory.
2019/11/16 18:17:10 Reading data file ./Matrix b.csv
2019/11/16 18:17:10 Finished loading all training data from memory.
2019/11/16 18:18:39 Starting Up
2019/11/16 18:18:39 Using config file ./config.json
2019/11/16 18:18:39 Reading data file ./Matrix a.csv
2019/11/16 18:18:39 Finished loading all training data from memory.
2019/11/16 18:18:39 Reading data file ./Matrix b.csv
2019/11/16 18:18:39 Finished loading all training data from memory.
2019/11/16 18:19:08 Starting Up
2019/11/16 18:19:08 Using config file ./config.json
2019/11/16 18:19:08 Reading data file ./Matrix a.csv
2019/11/16 18:19:08 Finished loading all training data from memory.
2019/11/16 18:19:08 Reading data file ./Matrix b.csv
2019/11/16 18:19:08 Finished loading all training data from memory.
2019/11/16 18:20:25 Starting Up
2019/11/16 18:20:25 Using config file ./config.json
2019/11/16 18:20:25 Reading data file ./Matrix a.csv
2019/11/16 18:20:25 Finished loading all training data from memory.
2019/11/16 18:20:25 Reading data file ./Matrix b.csv
2019/11/16 18:20:25 Finished loading all training data from memory.
2019/11/16 18:21:04 Starting Up
2019/11/16 18:21:04 Using config file ./config.json
2019/11/16 18:21:04 Reading data file ./Matrix a.csv
2019/11/16 18:21:04 Finished loading all training data from memory.
2019/11/16 18:21:04 Reading data file ./Matrix b.csv
2019/11/16 18:21:04 Finished loading all training data from memory.
2019/11/16 18:21:31 Starting Up
2019/11/16 18:21:31 Using config file ./config.json
2019/11/16 18:21:31 Reading data file ./Matrix a.csv
2019/11/16 18:21:31 Finished loading all training data from memory.
2019/11/16 18:21:31 Reading data file ./Matrix b.csv
2019/11/16 18:21:31 Finished loading all training data from memory.
2019/11/16 18:22:01 Starting Up
2019/11/16 18:22:01 Using config file ./config.json
2019/11/16 18:22:01 Reading data file ./Matrix a.csv
2019/11/16 18:22:01 Finished loading all training data from memory.
2019/11/16 18:22:01 Reading data file ./Matrix b.csv
2019/11/16 18:22:01 Finished loading all training data from memory.
